<?xml version="1.0" encoding="UTF-8"?>
<!-- Generated by org.testng.reporters.JUnitReportReporter -->
<testsuite hostname="DESKTOP-CG6J9AH" failures="0" tests="2" name="seamlessAssessment.loginTest" time="19.553" errors="0" timestamp="2023-03-20T06:59:22 WAT" skipped="0">
  <testcase classname="seamlessAssessment.loginTest" name="invalidLogin" time="9.758"/>
  <system-out/>
  <testcase classname="seamlessAssessment.loginTest" name="validLogin" time="9.795"/>
  <system-out/>
</testsuite> <!-- seamlessAssessment.loginTest -->
